2020-07-08T14:09:01.444Z [lines-control-api] info: API started!
2020-07-08T14:09:18.367Z [lines-control-api] info: GET /line
2020-07-08T14:09:47.089Z [lines-control-api] info: GET /line
2020-07-08T14:10:19.742Z [lines-control-api] info: GET /line
2020-07-08T14:15:18.922Z [lines-control-api] info: GET /line
2020-07-08T14:15:47.105Z [lines-control-api] info: GET /line
2020-07-08T14:16:00.515Z [lines-control-api] info: PUT /grade - " {"id":"1","longitude":"-51.1468172","hora":"06:45","linha":"L001","prestadora":"Bragé","isDeleted":false,"value":0,"timestamp":"2020-07-08T14:16:00.513Z"}
2020-07-08T14:32:22.181Z [lines-control-api] info: GET /line
2020-07-08T14:32:32.761Z [lines-control-api] info: PUT /grade - " {"id":"1","longitude":"-51.1468172","hora":"06:45","linha":"L001","prestadora":"Bragé","isDeleted":false,"value":0,"timestamp":"2020-07-08T14:32:32.759Z"}
2020-07-08T14:39:16.840Z [lines-control-api] info: GET /line
2020-07-08T14:39:21.328Z [lines-control-api] info: DELETE /line - " 1
2020-07-08T14:39:27.398Z [lines-control-api] info: POST /line - {"id":"1","longitude":"-51.1468172","hora":"06:45","linha":"L001","prestadora":"Bragé","isDeleted":false,"value":0,"timestamp":"2020-07-08T14:39:27.396Z"}
2020-07-08T14:39:27.403Z [lines-control-api] info: POST /line - {"id":"1","longitude":"-51.1468172","hora":"06:45","linha":"L001","prestadora":"Bragé","isDeleted":false,"value":0,"timestamp":"2020-07-08T14:39:27.396Z"}
2020-07-08T14:39:54.408Z [lines-control-api] info: PUT /grade - " {"id":"1","longitude":"-51.1468172","hora":"06:45","linha":"L001","prestadora":"Bragé","isDeleted":false,"value":0,"timestamp":"2020-07-08T14:39:54.405Z"}
2020-07-08T14:40:44.701Z [lines-control-api] info: GET /line
2020-07-08T14:40:51.087Z [lines-control-api] info: DELETE /line - " 1
2020-07-08T14:40:55.933Z [lines-control-api] info: POST /line - {"id":"1","longitude":"-51.1468172","hora":"06:45","linha":"L001","prestadora":"Bragé","isDeleted":false,"value":0,"timestamp":"2020-07-08T14:40:55.931Z"}
2020-07-08T14:40:55.936Z [lines-control-api] info: POST /line - {"id":"1","longitude":"-51.1468172","hora":"06:45","linha":"L001","prestadora":"Bragé","isDeleted":false,"value":0,"timestamp":"2020-07-08T14:40:55.931Z"}
2020-07-08T14:42:32.577Z [lines-control-api] info: GET /line
2020-07-08T14:43:56.342Z [lines-control-api] info: GET /line
2020-07-08T14:44:49.678Z [lines-control-api] info: GET /line
2020-07-08T14:45:11.585Z [lines-control-api] info: GET /line
2020-07-08T14:49:55.919Z [lines-control-api] info: GET /line
2020-07-08T14:50:04.451Z [lines-control-api] info: PUT /grade - " {"id":"1","longitude":"-51.1468172","hora":"06:45","linha":"L001","prestadora":"Bragé","isDeleted":false,"value":0,"timestamp":"2020-07-08T14:50:04.449Z"}
2020-07-08T14:51:31.764Z [lines-control-api] info: GET /line
2020-07-08T14:51:42.474Z [lines-control-api] info: PUT /grade - " {"id":"1","longitude":"-51.1468172","hora":"06:45","linha":"L001","prestadora":"Bragé","isDeleted":false,"value":0,"timestamp":"2020-07-08T14:51:42.472Z","latitude":null}
2020-07-08T14:52:04.504Z [lines-control-api] info: GET /line
2020-07-08T14:52:17.265Z [lines-control-api] info: PUT /grade - " {"id":"1","longitude":null,"hora":null,"linha":"L001","prestadora":null,"isDeleted":false,"value":0,"timestamp":"2020-07-08T14:52:17.263Z","latitude":null}
2020-07-08T14:54:32.960Z [lines-control-api] info: GET /line
2020-07-08T14:54:56.658Z [lines-control-api] info: GET /line
2020-07-08T14:56:20.444Z [lines-control-api] info: GET /line
2020-07-08T14:57:44.860Z [lines-control-api] info: GET /line
2020-07-08T15:01:50.095Z [lines-control-api] info: GET /line
2020-07-08T15:02:16.123Z [lines-control-api] info: GET /line
2020-07-08T15:05:42.340Z [lines-control-api] info: GET /line
2020-07-08T15:06:01.612Z [lines-control-api] info: GET /line
2020-07-08T15:06:16.625Z [lines-control-api] info: GET /line
2020-07-08T15:07:32.116Z [lines-control-api] info: GET /line
2020-07-08T15:07:40.419Z [lines-control-api] info: PUT /grade - " {"id":"1","latitude":"-29.1549232","longitude":"-51.1468172","hora":13,"linha":"L002","prestadora":"Bragé","isDeleted":false,"timestamp":"2020-07-08T15:07:40.415Z"}
2020-07-08T15:07:52.551Z [lines-control-api] info: GET /line
2020-07-08T15:07:58.797Z [lines-control-api] info: PUT /grade - " {"id":"1","latitude":-29.1549235,"longitude":"-51.1468172","hora":13,"linha":"L002","prestadora":"Bragé","isDeleted":false,"timestamp":"2020-07-08T15:07:58.795Z"}
2020-07-08T15:08:44.855Z [lines-control-api] info: GET /line
2020-07-08T15:11:13.238Z [lines-control-api] info: GET /line
2020-07-08T15:12:56.946Z [lines-control-api] info: GET /line
2020-07-08T15:14:02.873Z [lines-control-api] info: GET /line
2020-07-08T15:18:40.039Z [lines-control-api] info: GET /line
2020-07-08T15:19:59.581Z [lines-control-api] info: GET /line
2020-07-08T15:20:35.260Z [lines-control-api] info: GET /line
2020-07-08T15:21:19.942Z [lines-control-api] info: GET /line
2020-07-08T15:21:50.834Z [lines-control-api] info: GET /line
2020-07-08T15:22:27.406Z [lines-control-api] info: GET /line
2020-07-08T15:22:51.513Z [lines-control-api] info: GET /line
2020-07-08T15:23:02.444Z [lines-control-api] info: PUT /grade - " {"id":"1","latitude":"-29.1541338","longitude":"-51.1439708","hora":"06:40","linha":"L001","prestadora":"Bragé","isDeleted":false,"timestamp":"2020-07-08T15:23:02.441Z"}
2020-07-08T15:23:17.511Z [lines-control-api] info: GET /line
2020-07-08T15:23:41.588Z [lines-control-api] info: PUT /grade - " {"id":"1","latitude":"-29.1541339","longitude":"-51.1439709","hora":"06:45","linha":"L001","prestadora":"caxiense","isDeleted":false,"timestamp":"2020-07-08T15:23:41.583Z"}
2020-07-08T15:24:05.772Z [lines-control-api] info: PUT /grade - " {"id":"1","latitude":"-29.1541338","longitude":"-51.1439708","hora":"06:45","linha":"L001","prestadora":"Bragé","isDeleted":false,"timestamp":"2020-07-08T15:24:05.768Z"}
2020-07-08T15:24:20.952Z [lines-control-api] info: GET /line
2020-07-08T15:24:28.066Z [lines-control-api] info: GET /line
2020-07-08T15:25:38.639Z [lines-control-api] info: GET /line
2020-07-08T15:25:49.927Z [lines-control-api] info: DELETE /line - " 1
2020-07-08T15:25:53.441Z [lines-control-api] info: POST /line - {"id":"1","latitude":"-29.1541338","longitude":"-51.1439708","hora":"06:45","linha":"L001","prestadora":"Bragé","isDeleted":false,"timestamp":"2020-07-08T15:25:53.437Z","value":0}
2020-07-08T15:25:53.443Z [lines-control-api] info: POST /line - {"id":"1","latitude":"-29.1541338","longitude":"-51.1439708","hora":"06:45","linha":"L001","prestadora":"Bragé","isDeleted":false,"timestamp":"2020-07-08T15:25:53.437Z","value":0}
2020-07-08T15:26:56.265Z [lines-control-api] info: GET /line
2020-07-08T15:28:07.250Z [lines-control-api] info: GET /line
2020-07-08T15:30:06.294Z [lines-control-api] info: GET /line
2020-07-08T15:31:16.677Z [lines-control-api] info: GET /line
2020-07-08T15:32:07.803Z [lines-control-api] info: GET /line
